<?xml version="1.0" encoding="UTF-8"?>
<testng-results skipped="0" failed="0" total="1" passed="1">
  <reporter-output>
  </reporter-output>
  <suite name="gitTest.GitTest" duration-ms="18900" started-at="2017-08-09T04:41:30Z" finished-at="2017-08-09T04:41:49Z">
    <groups>
    </groups>
    <test name="Command line test" duration-ms="18900" started-at="2017-08-09T04:41:30Z" finished-at="2017-08-09T04:41:49Z">
      <class name="gitTest.GitTest">
        <test-method status="PASS" signature="loginTest()[pri:0, instance:gitTest.GitTest@258d3fca]" name="loginTest" duration-ms="18868" started-at="2017-08-09T10:11:30Z" finished-at="2017-08-09T10:11:49Z">
          <reporter-output>
          </reporter-output>
        </test-method> <!-- loginTest -->
      </class> <!-- gitTest.GitTest -->
    </test> <!-- Command line test -->
  </suite> <!-- gitTest.GitTest -->
</testng-results>
